2024-01-03 11:02:48,104 [Worker-2: Loading available Gradle versions] INFO  o.e.b.c.i.u.g.PublishedGradleVersions - Gradle version information cache is out-of-date. Trying to update.
2024-01-03 11:03:46,766 [Worker-8: Building] INFO  o.e.m.c.i.l.LifecycleMappingFactory - Using org.eclipse.m2e.jdt.JarLifecycleMapping lifecycle mapping for MavenProject: AppiumDemo:AppiumDemo:0.0.1-SNAPSHOT @ C:\Users\ASUS\Desktop\Appium\AppiumDemo\pom.xml.
2024-01-03 11:03:46,980 [Worker-8: Building] INFO  o.e.m.c.i.e.AbstractTransferListenerAdapter - Downloading https://repo.maven.apache.org/maven2/org/seleniumhq/selenium/selenium-api/maven-metadata.xml
2024-01-03 11:03:47,006 [Worker-8: Building] INFO  o.e.m.c.i.e.AbstractTransferListenerAdapter - Downloaded https://repo.maven.apache.org/maven2/org/seleniumhq/selenium/selenium-api/maven-metadata.xml
2024-01-03 11:03:47,059 [Worker-8: Building] INFO  o.e.m.c.i.e.AbstractTransferListenerAdapter - Downloading https://repo.maven.apache.org/maven2/org/seleniumhq/selenium/selenium-remote-driver/maven-metadata.xml
2024-01-03 11:03:47,077 [Worker-8: Building] INFO  o.e.m.c.i.e.AbstractTransferListenerAdapter - Downloaded https://repo.maven.apache.org/maven2/org/seleniumhq/selenium/selenium-remote-driver/maven-metadata.xml
2024-01-03 11:03:47,377 [Worker-8: Building] INFO  o.e.m.c.i.e.AbstractTransferListenerAdapter - Downloading https://repo.maven.apache.org/maven2/org/seleniumhq/selenium/selenium-support/maven-metadata.xml
2024-01-03 11:03:47,414 [Worker-8: Building] INFO  o.e.m.c.i.e.AbstractTransferListenerAdapter - Downloaded https://repo.maven.apache.org/maven2/org/seleniumhq/selenium/selenium-support/maven-metadata.xml
2024-01-03 11:03:48,575 [Worker-8: Building] INFO  o.a.m.s.f.DefaultMavenResourcesFiltering - skip non existing resourceDirectory C:\Users\ASUS\Desktop\Appium\AppiumDemo\src\main\resources
2024-01-03 11:03:48,580 [Worker-8: Building] INFO  o.a.m.s.f.DefaultMavenResourcesFiltering - skip non existing resourceDirectory C:\Users\ASUS\Desktop\Appium\AppiumDemo\src\test\resources
2024-01-03 11:03:48,884 [Worker-17: Updating Maven Dependencies] INFO  o.e.m.c.i.l.LifecycleMappingFactory - Using org.eclipse.m2e.jdt.JarLifecycleMapping lifecycle mapping for MavenProject: AppiumDemo:AppiumDemo:0.0.1-SNAPSHOT @ C:\Users\ASUS\Desktop\Appium\AppiumDemo\pom.xml.
2024-01-03 11:36:36,522 [Worker-7: Building] INFO  o.a.m.s.f.DefaultMavenResourcesFiltering - skip non existing resourceDirectory C:\Users\ASUS\Desktop\Appium\AppiumDemo\src\main\resources
2024-01-03 11:36:36,543 [Worker-7: Building] INFO  o.a.m.s.f.DefaultMavenResourcesFiltering - skip non existing resourceDirectory C:\Users\ASUS\Desktop\Appium\AppiumDemo\src\test\resources
2024-01-03 11:42:32,565 [Worker-24: Building] INFO  o.a.m.s.f.DefaultMavenResourcesFiltering - skip non existing resourceDirectory C:\Users\ASUS\Desktop\Appium\AppiumDemo\src\main\resources
2024-01-03 11:42:32,574 [Worker-24: Building] INFO  o.a.m.s.f.DefaultMavenResourcesFiltering - skip non existing resourceDirectory C:\Users\ASUS\Desktop\Appium\AppiumDemo\src\test\resources
2024-01-03 11:45:06,405 [Worker-25: Building] INFO  o.a.m.s.f.DefaultMavenResourcesFiltering - skip non existing resourceDirectory C:\Users\ASUS\Desktop\Appium\AppiumDemo\src\main\resources
2024-01-03 11:45:06,429 [Worker-25: Building] INFO  o.a.m.s.f.DefaultMavenResourcesFiltering - skip non existing resourceDirectory C:\Users\ASUS\Desktop\Appium\AppiumDemo\src\test\resources
2024-01-03 11:46:26,594 [Worker-25: Building] INFO  o.a.m.s.f.DefaultMavenResourcesFiltering - skip non existing resourceDirectory C:\Users\ASUS\Desktop\Appium\AppiumDemo\src\main\resources
2024-01-03 11:46:26,598 [Worker-25: Building] INFO  o.a.m.s.f.DefaultMavenResourcesFiltering - skip non existing resourceDirectory C:\Users\ASUS\Desktop\Appium\AppiumDemo\src\test\resources
2024-01-03 12:03:43,807 [Worker-25: Building] INFO  o.a.m.s.f.DefaultMavenResourcesFiltering - skip non existing resourceDirectory C:\Users\ASUS\Desktop\Appium\AppiumDemo\src\main\resources
2024-01-03 12:03:43,830 [Worker-25: Building] INFO  o.a.m.s.f.DefaultMavenResourcesFiltering - skip non existing resourceDirectory C:\Users\ASUS\Desktop\Appium\AppiumDemo\src\test\resources
2024-01-03 12:04:46,958 [Worker-31: Building] INFO  o.a.m.s.f.DefaultMavenResourcesFiltering - skip non existing resourceDirectory C:\Users\ASUS\Desktop\Appium\AppiumDemo\src\main\resources
2024-01-03 12:04:46,975 [Worker-31: Building] INFO  o.a.m.s.f.DefaultMavenResourcesFiltering - skip non existing resourceDirectory C:\Users\ASUS\Desktop\Appium\AppiumDemo\src\test\resources
2024-01-03 12:06:00,821 [Worker-32: Building] INFO  o.a.m.s.f.DefaultMavenResourcesFiltering - skip non existing resourceDirectory C:\Users\ASUS\Desktop\Appium\AppiumDemo\src\main\resources
2024-01-03 12:06:00,849 [Worker-32: Building] INFO  o.a.m.s.f.DefaultMavenResourcesFiltering - skip non existing resourceDirectory C:\Users\ASUS\Desktop\Appium\AppiumDemo\src\test\resources
2024-01-03 12:19:22,263 [Worker-32: Launching InstallApp] INFO  o.a.m.s.f.DefaultMavenResourcesFiltering - skip non existing resourceDirectory C:\Users\ASUS\Desktop\Appium\AppiumDemo\src\main\resources
2024-01-03 12:19:22,402 [Worker-32: Launching InstallApp] INFO  o.a.m.s.f.DefaultMavenResourcesFiltering - skip non existing resourceDirectory C:\Users\ASUS\Desktop\Appium\AppiumDemo\src\test\resources
2024-01-03 12:20:42,463 [Worker-32: Launching InstallApp] INFO  o.a.m.s.f.DefaultMavenResourcesFiltering - skip non existing resourceDirectory C:\Users\ASUS\Desktop\Appium\AppiumDemo\src\main\resources
2024-01-03 12:20:42,487 [Worker-32: Launching InstallApp] INFO  o.a.m.s.f.DefaultMavenResourcesFiltering - skip non existing resourceDirectory C:\Users\ASUS\Desktop\Appium\AppiumDemo\src\test\resources
2024-01-03 12:23:58,534 [Worker-30: Building] INFO  o.a.m.s.f.DefaultMavenResourcesFiltering - skip non existing resourceDirectory C:\Users\ASUS\Desktop\Appium\AppiumDemo\src\main\resources
2024-01-03 12:23:58,561 [Worker-30: Building] INFO  o.a.m.s.f.DefaultMavenResourcesFiltering - skip non existing resourceDirectory C:\Users\ASUS\Desktop\Appium\AppiumDemo\src\test\resources
2024-01-03 12:30:09,416 [Worker-32: Launching InstallApp] INFO  o.a.m.s.f.DefaultMavenResourcesFiltering - skip non existing resourceDirectory C:\Users\ASUS\Desktop\Appium\AppiumDemo\src\main\resources
2024-01-03 12:30:09,445 [Worker-32: Launching InstallApp] INFO  o.a.m.s.f.DefaultMavenResourcesFiltering - skip non existing resourceDirectory C:\Users\ASUS\Desktop\Appium\AppiumDemo\src\test\resources
2024-01-03 12:30:43,961 [Worker-32: Launching InstallApp] INFO  o.a.m.s.f.DefaultMavenResourcesFiltering - skip non existing resourceDirectory C:\Users\ASUS\Desktop\Appium\AppiumDemo\src\main\resources
2024-01-03 12:30:43,966 [Worker-32: Launching InstallApp] INFO  o.a.m.s.f.DefaultMavenResourcesFiltering - skip non existing resourceDirectory C:\Users\ASUS\Desktop\Appium\AppiumDemo\src\test\resources
2024-01-03 12:31:37,009 [Worker-37: Launching InstallApp] INFO  o.a.m.s.f.DefaultMavenResourcesFiltering - skip non existing resourceDirectory C:\Users\ASUS\Desktop\Appium\AppiumDemo\src\main\resources
2024-01-03 12:31:37,020 [Worker-37: Launching InstallApp] INFO  o.a.m.s.f.DefaultMavenResourcesFiltering - skip non existing resourceDirectory C:\Users\ASUS\Desktop\Appium\AppiumDemo\src\test\resources
2024-01-03 12:34:12,615 [Worker-26: Building] INFO  o.a.m.s.f.DefaultMavenResourcesFiltering - skip non existing resourceDirectory C:\Users\ASUS\Desktop\Appium\AppiumDemo\src\main\resources
2024-01-03 12:34:12,620 [Worker-26: Building] INFO  o.a.m.s.f.DefaultMavenResourcesFiltering - skip non existing resourceDirectory C:\Users\ASUS\Desktop\Appium\AppiumDemo\src\test\resources
2024-01-03 12:34:23,991 [Worker-34: Building] INFO  o.e.m.c.i.l.LifecycleMappingFactory - Using org.eclipse.m2e.jdt.JarLifecycleMapping lifecycle mapping for MavenProject: AppiumDemo:AppiumDemo:0.0.1-SNAPSHOT @ C:\Users\ASUS\Desktop\Appium\AppiumDemo\pom.xml.
2024-01-03 12:34:24,138 [Worker-34: Building] INFO  o.a.m.s.f.DefaultMavenResourcesFiltering - skip non existing resourceDirectory C:\Users\ASUS\Desktop\Appium\AppiumDemo\src\main\resources
2024-01-03 12:34:24,142 [Worker-34: Building] INFO  o.a.m.s.f.DefaultMavenResourcesFiltering - skip non existing resourceDirectory C:\Users\ASUS\Desktop\Appium\AppiumDemo\src\test\resources
2024-01-03 12:45:40,068 [Worker-4: Loading available Gradle versions] INFO  o.e.b.c.i.u.g.PublishedGradleVersions - Gradle version information cache is up-to-date. Trying to read.
2024-01-03 12:51:16,268 [Worker-21: Building] INFO  o.e.m.c.i.l.LifecycleMappingFactory - Using org.eclipse.m2e.jdt.JarLifecycleMapping lifecycle mapping for MavenProject: AppiumDemo:AppiumDemo:0.0.1-SNAPSHOT @ C:\Users\ASUS\Desktop\Appium\AppiumDemo\pom.xml.
2024-01-03 12:51:16,704 [Worker-21: Building] INFO  o.e.m.c.i.e.AbstractTransferListenerAdapter - Downloading https://repo.maven.apache.org/maven2/org/seleniumhq/selenium/selenium-java/4.16.1/selenium-java-4.16.1.pom
2024-01-03 12:51:16,731 [Worker-21: Building] INFO  o.e.m.c.i.e.AbstractTransferListenerAdapter - Downloaded https://repo.maven.apache.org/maven2/org/seleniumhq/selenium/selenium-java/4.16.1/selenium-java-4.16.1.pom
2024-01-03 12:51:16,791 [Worker-21: Building] INFO  o.e.m.c.i.e.AbstractTransferListenerAdapter - Downloading https://repo.maven.apache.org/maven2/org/seleniumhq/selenium/selenium-chrome-driver/4.16.1/selenium-chrome-driver-4.16.1.pom
2024-01-03 12:51:16,815 [Worker-21: Building] INFO  o.e.m.c.i.e.AbstractTransferListenerAdapter - Downloaded https://repo.maven.apache.org/maven2/org/seleniumhq/selenium/selenium-chrome-driver/4.16.1/selenium-chrome-driver-4.16.1.pom
2024-01-03 12:51:16,832 [Worker-21: Building] INFO  o.e.m.c.i.e.AbstractTransferListenerAdapter - Downloading https://repo.maven.apache.org/maven2/org/seleniumhq/selenium/selenium-chromium-driver/4.16.1/selenium-chromium-driver-4.16.1.pom
2024-01-03 12:51:16,845 [Worker-21: Building] INFO  o.e.m.c.i.e.AbstractTransferListenerAdapter - Downloaded https://repo.maven.apache.org/maven2/org/seleniumhq/selenium/selenium-chromium-driver/4.16.1/selenium-chromium-driver-4.16.1.pom
2024-01-03 12:51:16,862 [Worker-21: Building] INFO  o.e.m.c.i.e.AbstractTransferListenerAdapter - Downloading https://repo.maven.apache.org/maven2/org/seleniumhq/selenium/selenium-devtools-v118/4.16.1/selenium-devtools-v118-4.16.1.pom
2024-01-03 12:51:16,871 [Worker-21: Building] INFO  o.e.m.c.i.e.AbstractTransferListenerAdapter - Downloaded https://repo.maven.apache.org/maven2/org/seleniumhq/selenium/selenium-devtools-v118/4.16.1/selenium-devtools-v118-4.16.1.pom
2024-01-03 12:51:16,883 [Worker-21: Building] INFO  o.e.m.c.i.e.AbstractTransferListenerAdapter - Downloading https://repo.maven.apache.org/maven2/org/seleniumhq/selenium/selenium-devtools-v119/4.16.1/selenium-devtools-v119-4.16.1.pom
2024-01-03 12:51:16,892 [Worker-21: Building] INFO  o.e.m.c.i.e.AbstractTransferListenerAdapter - Downloaded https://repo.maven.apache.org/maven2/org/seleniumhq/selenium/selenium-devtools-v119/4.16.1/selenium-devtools-v119-4.16.1.pom
2024-01-03 12:51:16,910 [Worker-21: Building] INFO  o.e.m.c.i.e.AbstractTransferListenerAdapter - Downloading https://repo.maven.apache.org/maven2/org/seleniumhq/selenium/selenium-devtools-v120/4.16.1/selenium-devtools-v120-4.16.1.pom
2024-01-03 12:51:16,932 [Worker-21: Building] INFO  o.e.m.c.i.e.AbstractTransferListenerAdapter - Downloaded https://repo.maven.apache.org/maven2/org/seleniumhq/selenium/selenium-devtools-v120/4.16.1/selenium-devtools-v120-4.16.1.pom
2024-01-03 12:51:16,948 [Worker-21: Building] INFO  o.e.m.c.i.e.AbstractTransferListenerAdapter - Downloading https://repo.maven.apache.org/maven2/org/seleniumhq/selenium/selenium-devtools-v85/4.16.1/selenium-devtools-v85-4.16.1.pom
2024-01-03 12:51:16,959 [Worker-21: Building] INFO  o.e.m.c.i.e.AbstractTransferListenerAdapter - Downloaded https://repo.maven.apache.org/maven2/org/seleniumhq/selenium/selenium-devtools-v85/4.16.1/selenium-devtools-v85-4.16.1.pom
2024-01-03 12:51:16,975 [Worker-21: Building] INFO  o.e.m.c.i.e.AbstractTransferListenerAdapter - Downloading https://repo.maven.apache.org/maven2/org/seleniumhq/selenium/selenium-edge-driver/4.16.1/selenium-edge-driver-4.16.1.pom
2024-01-03 12:51:16,984 [Worker-21: Building] INFO  o.e.m.c.i.e.AbstractTransferListenerAdapter - Downloaded https://repo.maven.apache.org/maven2/org/seleniumhq/selenium/selenium-edge-driver/4.16.1/selenium-edge-driver-4.16.1.pom
2024-01-03 12:51:17,008 [Worker-21: Building] INFO  o.e.m.c.i.e.AbstractTransferListenerAdapter - Downloading https://repo.maven.apache.org/maven2/org/seleniumhq/selenium/selenium-firefox-driver/4.16.1/selenium-firefox-driver-4.16.1.pom
2024-01-03 12:51:17,028 [Worker-21: Building] INFO  o.e.m.c.i.e.AbstractTransferListenerAdapter - Downloaded https://repo.maven.apache.org/maven2/org/seleniumhq/selenium/selenium-firefox-driver/4.16.1/selenium-firefox-driver-4.16.1.pom
2024-01-03 12:51:17,057 [Worker-21: Building] INFO  o.e.m.c.i.e.AbstractTransferListenerAdapter - Downloading https://repo.maven.apache.org/maven2/org/seleniumhq/selenium/selenium-ie-driver/4.16.1/selenium-ie-driver-4.16.1.pom
2024-01-03 12:51:17,072 [Worker-21: Building] INFO  o.e.m.c.i.e.AbstractTransferListenerAdapter - Downloaded https://repo.maven.apache.org/maven2/org/seleniumhq/selenium/selenium-ie-driver/4.16.1/selenium-ie-driver-4.16.1.pom
2024-01-03 12:51:17,081 [Worker-21: Building] INFO  o.e.m.c.i.e.AbstractTransferListenerAdapter - Downloading https://repo.maven.apache.org/maven2/org/seleniumhq/selenium/selenium-safari-driver/4.16.1/selenium-safari-driver-4.16.1.pom
2024-01-03 12:51:17,102 [Worker-21: Building] INFO  o.e.m.c.i.e.AbstractTransferListenerAdapter - Downloaded https://repo.maven.apache.org/maven2/org/seleniumhq/selenium/selenium-safari-driver/4.16.1/selenium-safari-driver-4.16.1.pom
2024-01-03 12:51:17,181 [AetherRepositoryConnector-repo.maven.apache.org-0-0] INFO  o.e.m.c.i.e.AbstractTransferListenerAdapter - Downloading https://repo.maven.apache.org/maven2/org/seleniumhq/selenium/selenium-java/4.16.1/selenium-java-4.16.1.jar
2024-01-03 12:51:17,188 [AetherRepositoryConnector-repo.maven.apache.org-0-4] INFO  o.e.m.c.i.e.AbstractTransferListenerAdapter - Downloading https://repo.maven.apache.org/maven2/org/seleniumhq/selenium/selenium-devtools-v119/4.16.1/selenium-devtools-v119-4.16.1.jar
2024-01-03 12:51:17,190 [AetherRepositoryConnector-repo.maven.apache.org-0-2] INFO  o.e.m.c.i.e.AbstractTransferListenerAdapter - Downloading https://repo.maven.apache.org/maven2/org/seleniumhq/selenium/selenium-chromium-driver/4.16.1/selenium-chromium-driver-4.16.1.jar
2024-01-03 12:51:17,204 [AetherRepositoryConnector-repo.maven.apache.org-0-1] INFO  o.e.m.c.i.e.AbstractTransferListenerAdapter - Downloading https://repo.maven.apache.org/maven2/org/seleniumhq/selenium/selenium-chrome-driver/4.16.1/selenium-chrome-driver-4.16.1.jar
2024-01-03 12:51:17,204 [AetherRepositoryConnector-repo.maven.apache.org-0-3] INFO  o.e.m.c.i.e.AbstractTransferListenerAdapter - Downloading https://repo.maven.apache.org/maven2/org/seleniumhq/selenium/selenium-devtools-v118/4.16.1/selenium-devtools-v118-4.16.1.jar
2024-01-03 12:51:17,206 [AetherRepositoryConnector-repo.maven.apache.org-0-0] INFO  o.e.m.c.i.e.AbstractTransferListenerAdapter - Downloaded https://repo.maven.apache.org/maven2/org/seleniumhq/selenium/selenium-java/4.16.1/selenium-java-4.16.1.jar
2024-01-03 12:51:17,237 [AetherRepositoryConnector-repo.maven.apache.org-0-0] INFO  o.e.m.c.i.e.AbstractTransferListenerAdapter - Downloading https://repo.maven.apache.org/maven2/org/seleniumhq/selenium/selenium-devtools-v120/4.16.1/selenium-devtools-v120-4.16.1.jar
2024-01-03 12:51:17,239 [AetherRepositoryConnector-repo.maven.apache.org-0-2] INFO  o.e.m.c.i.e.AbstractTransferListenerAdapter - Downloaded https://repo.maven.apache.org/maven2/org/seleniumhq/selenium/selenium-chromium-driver/4.16.1/selenium-chromium-driver-4.16.1.jar
2024-01-03 12:51:17,242 [AetherRepositoryConnector-repo.maven.apache.org-0-1] INFO  o.e.m.c.i.e.AbstractTransferListenerAdapter - Downloaded https://repo.maven.apache.org/maven2/org/seleniumhq/selenium/selenium-chrome-driver/4.16.1/selenium-chrome-driver-4.16.1.jar
2024-01-03 12:51:17,303 [AetherRepositoryConnector-repo.maven.apache.org-0-2] INFO  o.e.m.c.i.e.AbstractTransferListenerAdapter - Downloading https://repo.maven.apache.org/maven2/org/seleniumhq/selenium/selenium-devtools-v85/4.16.1/selenium-devtools-v85-4.16.1.jar
2024-01-03 12:51:17,309 [AetherRepositoryConnector-repo.maven.apache.org-0-1] INFO  o.e.m.c.i.e.AbstractTransferListenerAdapter - Downloading https://repo.maven.apache.org/maven2/org/seleniumhq/selenium/selenium-edge-driver/4.16.1/selenium-edge-driver-4.16.1.jar
2024-01-03 12:51:17,330 [AetherRepositoryConnector-repo.maven.apache.org-0-1] INFO  o.e.m.c.i.e.AbstractTransferListenerAdapter - Downloaded https://repo.maven.apache.org/maven2/org/seleniumhq/selenium/selenium-edge-driver/4.16.1/selenium-edge-driver-4.16.1.jar
2024-01-03 12:51:17,330 [AetherRepositoryConnector-repo.maven.apache.org-0-4] INFO  o.e.m.c.i.e.AbstractTransferListenerAdapter - Downloaded https://repo.maven.apache.org/maven2/org/seleniumhq/selenium/selenium-devtools-v119/4.16.1/selenium-devtools-v119-4.16.1.jar
2024-01-03 12:51:17,330 [AetherRepositoryConnector-repo.maven.apache.org-0-3] INFO  o.e.m.c.i.e.AbstractTransferListenerAdapter - Downloaded https://repo.maven.apache.org/maven2/org/seleniumhq/selenium/selenium-devtools-v118/4.16.1/selenium-devtools-v118-4.16.1.jar
2024-01-03 12:51:17,331 [AetherRepositoryConnector-repo.maven.apache.org-0-2] INFO  o.e.m.c.i.e.AbstractTransferListenerAdapter - Downloaded https://repo.maven.apache.org/maven2/org/seleniumhq/selenium/selenium-devtools-v85/4.16.1/selenium-devtools-v85-4.16.1.jar
2024-01-03 12:51:17,331 [AetherRepositoryConnector-repo.maven.apache.org-0-0] INFO  o.e.m.c.i.e.AbstractTransferListenerAdapter - Downloaded https://repo.maven.apache.org/maven2/org/seleniumhq/selenium/selenium-devtools-v120/4.16.1/selenium-devtools-v120-4.16.1.jar
2024-01-03 12:51:17,343 [AetherRepositoryConnector-repo.maven.apache.org-0-1] INFO  o.e.m.c.i.e.AbstractTransferListenerAdapter - Downloading https://repo.maven.apache.org/maven2/org/seleniumhq/selenium/selenium-ie-driver/4.16.1/selenium-ie-driver-4.16.1.jar
2024-01-03 12:51:17,343 [AetherRepositoryConnector-repo.maven.apache.org-0-3] INFO  o.e.m.c.i.e.AbstractTransferListenerAdapter - Downloading https://repo.maven.apache.org/maven2/org/seleniumhq/selenium/selenium-safari-driver/4.16.1/selenium-safari-driver-4.16.1.jar
2024-01-03 12:51:17,343 [AetherRepositoryConnector-repo.maven.apache.org-0-4] INFO  o.e.m.c.i.e.AbstractTransferListenerAdapter - Downloading https://repo.maven.apache.org/maven2/org/seleniumhq/selenium/selenium-firefox-driver/4.16.1/selenium-firefox-driver-4.16.1.jar
2024-01-03 12:51:17,353 [AetherRepositoryConnector-repo.maven.apache.org-0-3] INFO  o.e.m.c.i.e.AbstractTransferListenerAdapter - Downloaded https://repo.maven.apache.org/maven2/org/seleniumhq/selenium/selenium-safari-driver/4.16.1/selenium-safari-driver-4.16.1.jar
2024-01-03 12:51:17,359 [AetherRepositoryConnector-repo.maven.apache.org-0-1] INFO  o.e.m.c.i.e.AbstractTransferListenerAdapter - Downloaded https://repo.maven.apache.org/maven2/org/seleniumhq/selenium/selenium-ie-driver/4.16.1/selenium-ie-driver-4.16.1.jar
2024-01-03 12:51:17,371 [AetherRepositoryConnector-repo.maven.apache.org-0-4] INFO  o.e.m.c.i.e.AbstractTransferListenerAdapter - Downloaded https://repo.maven.apache.org/maven2/org/seleniumhq/selenium/selenium-firefox-driver/4.16.1/selenium-firefox-driver-4.16.1.jar
2024-01-03 12:51:17,921 [Worker-21: Building] INFO  o.a.m.s.f.DefaultMavenResourcesFiltering - skip non existing resourceDirectory C:\Users\ASUS\Desktop\Appium\AppiumDemo\src\main\resources
2024-01-03 12:51:17,925 [Worker-21: Building] INFO  o.a.m.s.f.DefaultMavenResourcesFiltering - skip non existing resourceDirectory C:\Users\ASUS\Desktop\Appium\AppiumDemo\src\test\resources
2024-01-03 12:51:18,833 [Worker-21: Download sources and javadoc] INFO  o.e.m.c.i.e.AbstractTransferListenerAdapter - Downloading https://repo.maven.apache.org/maven2/org/seleniumhq/selenium/selenium-java/4.16.1/selenium-java-4.16.1-sources.jar
2024-01-03 12:51:18,842 [Worker-21: Download sources and javadoc] INFO  o.e.m.c.i.e.AbstractTransferListenerAdapter - Downloaded https://repo.maven.apache.org/maven2/org/seleniumhq/selenium/selenium-java/4.16.1/selenium-java-4.16.1-sources.jar
2024-01-03 12:51:18,846 [Worker-21: Download sources and javadoc] INFO  o.e.m.j.internal.DownloadSourcesJob - Downloaded sources for org.seleniumhq.selenium:selenium-java:4.16.1
2024-01-03 12:51:18,900 [Worker-21: Download sources and javadoc] INFO  o.e.m.c.i.e.AbstractTransferListenerAdapter - Downloading https://repo.maven.apache.org/maven2/org/seleniumhq/selenium/selenium-chrome-driver/4.16.1/selenium-chrome-driver-4.16.1-sources.jar
2024-01-03 12:51:18,931 [Worker-21: Download sources and javadoc] INFO  o.e.m.c.i.e.AbstractTransferListenerAdapter - Downloaded https://repo.maven.apache.org/maven2/org/seleniumhq/selenium/selenium-chrome-driver/4.16.1/selenium-chrome-driver-4.16.1-sources.jar
2024-01-03 12:51:18,934 [Worker-21: Download sources and javadoc] INFO  o.e.m.j.internal.DownloadSourcesJob - Downloaded sources for org.seleniumhq.selenium:selenium-chrome-driver:4.16.1
2024-01-03 12:51:18,972 [Worker-21: Download sources and javadoc] INFO  o.e.m.c.i.e.AbstractTransferListenerAdapter - Downloading https://repo.maven.apache.org/maven2/org/seleniumhq/selenium/selenium-chromium-driver/4.16.1/selenium-chromium-driver-4.16.1-sources.jar
2024-01-03 12:51:18,989 [Worker-21: Download sources and javadoc] INFO  o.e.m.c.i.e.AbstractTransferListenerAdapter - Downloaded https://repo.maven.apache.org/maven2/org/seleniumhq/selenium/selenium-chromium-driver/4.16.1/selenium-chromium-driver-4.16.1-sources.jar
2024-01-03 12:51:18,993 [Worker-21: Download sources and javadoc] INFO  o.e.m.j.internal.DownloadSourcesJob - Downloaded sources for org.seleniumhq.selenium:selenium-chromium-driver:4.16.1
2024-01-03 12:51:19,055 [Worker-21: Download sources and javadoc] INFO  o.e.m.c.i.e.AbstractTransferListenerAdapter - Downloading https://repo.maven.apache.org/maven2/org/seleniumhq/selenium/selenium-devtools-v118/4.16.1/selenium-devtools-v118-4.16.1-sources.jar
2024-01-03 12:51:19,128 [Worker-21: Download sources and javadoc] INFO  o.e.m.c.i.e.AbstractTransferListenerAdapter - Downloaded https://repo.maven.apache.org/maven2/org/seleniumhq/selenium/selenium-devtools-v118/4.16.1/selenium-devtools-v118-4.16.1-sources.jar
2024-01-03 12:51:19,132 [Worker-21: Download sources and javadoc] INFO  o.e.m.j.internal.DownloadSourcesJob - Downloaded sources for org.seleniumhq.selenium:selenium-devtools-v118:4.16.1
2024-01-03 12:51:19,197 [Worker-21: Download sources and javadoc] INFO  o.e.m.c.i.e.AbstractTransferListenerAdapter - Downloading https://repo.maven.apache.org/maven2/org/seleniumhq/selenium/selenium-devtools-v119/4.16.1/selenium-devtools-v119-4.16.1-sources.jar
2024-01-03 12:51:19,267 [Worker-21: Download sources and javadoc] INFO  o.e.m.c.i.e.AbstractTransferListenerAdapter - Downloaded https://repo.maven.apache.org/maven2/org/seleniumhq/selenium/selenium-devtools-v119/4.16.1/selenium-devtools-v119-4.16.1-sources.jar
2024-01-03 12:51:19,271 [Worker-21: Download sources and javadoc] INFO  o.e.m.j.internal.DownloadSourcesJob - Downloaded sources for org.seleniumhq.selenium:selenium-devtools-v119:4.16.1
2024-01-03 12:51:19,297 [Worker-21: Download sources and javadoc] INFO  o.e.m.c.i.e.AbstractTransferListenerAdapter - Downloading https://repo.maven.apache.org/maven2/org/seleniumhq/selenium/selenium-devtools-v120/4.16.1/selenium-devtools-v120-4.16.1-sources.jar
2024-01-03 12:51:19,372 [Worker-21: Download sources and javadoc] INFO  o.e.m.c.i.e.AbstractTransferListenerAdapter - Downloaded https://repo.maven.apache.org/maven2/org/seleniumhq/selenium/selenium-devtools-v120/4.16.1/selenium-devtools-v120-4.16.1-sources.jar
2024-01-03 12:51:19,377 [Worker-21: Download sources and javadoc] INFO  o.e.m.j.internal.DownloadSourcesJob - Downloaded sources for org.seleniumhq.selenium:selenium-devtools-v120:4.16.1
2024-01-03 12:51:19,434 [Worker-21: Download sources and javadoc] INFO  o.e.m.c.i.e.AbstractTransferListenerAdapter - Downloading https://repo.maven.apache.org/maven2/org/seleniumhq/selenium/selenium-devtools-v85/4.16.1/selenium-devtools-v85-4.16.1-sources.jar
2024-01-03 12:51:19,495 [Worker-21: Download sources and javadoc] INFO  o.e.m.c.i.e.AbstractTransferListenerAdapter - Downloaded https://repo.maven.apache.org/maven2/org/seleniumhq/selenium/selenium-devtools-v85/4.16.1/selenium-devtools-v85-4.16.1-sources.jar
2024-01-03 12:51:19,500 [Worker-21: Download sources and javadoc] INFO  o.e.m.j.internal.DownloadSourcesJob - Downloaded sources for org.seleniumhq.selenium:selenium-devtools-v85:4.16.1
2024-01-03 12:51:19,551 [Worker-21: Download sources and javadoc] INFO  o.e.m.c.i.e.AbstractTransferListenerAdapter - Downloading https://repo.maven.apache.org/maven2/org/seleniumhq/selenium/selenium-edge-driver/4.16.1/selenium-edge-driver-4.16.1-sources.jar
2024-01-03 12:51:19,580 [Worker-21: Download sources and javadoc] INFO  o.e.m.c.i.e.AbstractTransferListenerAdapter - Downloaded https://repo.maven.apache.org/maven2/org/seleniumhq/selenium/selenium-edge-driver/4.16.1/selenium-edge-driver-4.16.1-sources.jar
2024-01-03 12:51:19,584 [Worker-21: Download sources and javadoc] INFO  o.e.m.j.internal.DownloadSourcesJob - Downloaded sources for org.seleniumhq.selenium:selenium-edge-driver:4.16.1
2024-01-03 12:51:19,612 [Worker-21: Download sources and javadoc] INFO  o.e.m.c.i.e.AbstractTransferListenerAdapter - Downloading https://repo.maven.apache.org/maven2/org/seleniumhq/selenium/selenium-firefox-driver/4.16.1/selenium-firefox-driver-4.16.1-sources.jar
2024-01-03 12:51:19,632 [Worker-21: Download sources and javadoc] INFO  o.e.m.c.i.e.AbstractTransferListenerAdapter - Downloaded https://repo.maven.apache.org/maven2/org/seleniumhq/selenium/selenium-firefox-driver/4.16.1/selenium-firefox-driver-4.16.1-sources.jar
2024-01-03 12:51:19,636 [Worker-21: Download sources and javadoc] INFO  o.e.m.j.internal.DownloadSourcesJob - Downloaded sources for org.seleniumhq.selenium:selenium-firefox-driver:4.16.1
2024-01-03 12:51:19,679 [Worker-21: Download sources and javadoc] INFO  o.e.m.c.i.e.AbstractTransferListenerAdapter - Downloading https://repo.maven.apache.org/maven2/org/seleniumhq/selenium/selenium-ie-driver/4.16.1/selenium-ie-driver-4.16.1-sources.jar
2024-01-03 12:51:19,711 [Worker-21: Download sources and javadoc] INFO  o.e.m.c.i.e.AbstractTransferListenerAdapter - Downloaded https://repo.maven.apache.org/maven2/org/seleniumhq/selenium/selenium-ie-driver/4.16.1/selenium-ie-driver-4.16.1-sources.jar
2024-01-03 12:51:19,715 [Worker-21: Download sources and javadoc] INFO  o.e.m.j.internal.DownloadSourcesJob - Downloaded sources for org.seleniumhq.selenium:selenium-ie-driver:4.16.1
2024-01-03 12:51:19,774 [Worker-21: Download sources and javadoc] INFO  o.e.m.c.i.e.AbstractTransferListenerAdapter - Downloading https://repo.maven.apache.org/maven2/org/seleniumhq/selenium/selenium-safari-driver/4.16.1/selenium-safari-driver-4.16.1-sources.jar
2024-01-03 12:51:19,825 [Worker-21: Download sources and javadoc] INFO  o.e.m.c.i.e.AbstractTransferListenerAdapter - Downloaded https://repo.maven.apache.org/maven2/org/seleniumhq/selenium/selenium-safari-driver/4.16.1/selenium-safari-driver-4.16.1-sources.jar
2024-01-03 12:51:19,830 [Worker-21: Download sources and javadoc] INFO  o.e.m.j.internal.DownloadSourcesJob - Downloaded sources for org.seleniumhq.selenium:selenium-safari-driver:4.16.1
2024-01-03 12:52:38,705 [Worker-9: Building] INFO  o.a.m.s.f.DefaultMavenResourcesFiltering - skip non existing resourceDirectory C:\Users\ASUS\Desktop\Appium\AppiumDemo\src\main\resources
2024-01-03 12:52:38,708 [Worker-9: Building] INFO  o.a.m.s.f.DefaultMavenResourcesFiltering - skip non existing resourceDirectory C:\Users\ASUS\Desktop\Appium\AppiumDemo\src\test\resources
2024-01-03 13:01:48,529 [Worker-12: Building] INFO  o.a.m.s.f.DefaultMavenResourcesFiltering - skip non existing resourceDirectory C:\Users\ASUS\Desktop\Appium\AppiumDemo\src\main\resources
2024-01-03 13:01:48,553 [Worker-12: Building] INFO  o.a.m.s.f.DefaultMavenResourcesFiltering - skip non existing resourceDirectory C:\Users\ASUS\Desktop\Appium\AppiumDemo\src\test\resources
2024-01-03 13:02:14,522 [Worker-12: Building] INFO  o.a.m.s.f.DefaultMavenResourcesFiltering - skip non existing resourceDirectory C:\Users\ASUS\Desktop\Appium\AppiumDemo\src\main\resources
2024-01-03 13:02:14,527 [Worker-12: Building] INFO  o.a.m.s.f.DefaultMavenResourcesFiltering - skip non existing resourceDirectory C:\Users\ASUS\Desktop\Appium\AppiumDemo\src\test\resources
2024-01-03 13:04:38,596 [Worker-23: Building] INFO  o.a.m.s.f.DefaultMavenResourcesFiltering - skip non existing resourceDirectory C:\Users\ASUS\Desktop\Appium\AppiumDemo\src\main\resources
2024-01-03 13:04:38,612 [Worker-23: Building] INFO  o.a.m.s.f.DefaultMavenResourcesFiltering - skip non existing resourceDirectory C:\Users\ASUS\Desktop\Appium\AppiumDemo\src\test\resources
2024-01-03 13:07:39,452 [Worker-12: Building] INFO  o.a.m.s.f.DefaultMavenResourcesFiltering - skip non existing resourceDirectory C:\Users\ASUS\Desktop\Appium\AppiumDemo\src\main\resources
2024-01-03 13:07:39,476 [Worker-12: Building] INFO  o.a.m.s.f.DefaultMavenResourcesFiltering - skip non existing resourceDirectory C:\Users\ASUS\Desktop\Appium\AppiumDemo\src\test\resources
2024-01-03 13:10:12,724 [Worker-25: Building] INFO  o.a.m.s.f.DefaultMavenResourcesFiltering - skip non existing resourceDirectory C:\Users\ASUS\Desktop\Appium\AppiumDemo\src\main\resources
2024-01-03 13:10:12,758 [Worker-25: Building] INFO  o.a.m.s.f.DefaultMavenResourcesFiltering - skip non existing resourceDirectory C:\Users\ASUS\Desktop\Appium\AppiumDemo\src\test\resources
2024-01-03 14:34:37,725 [Worker-26: Launching APKInstall] INFO  o.a.m.s.f.DefaultMavenResourcesFiltering - skip non existing resourceDirectory C:\Users\ASUS\Desktop\Appium\AppiumDemo\src\main\resources
2024-01-03 14:34:37,747 [Worker-26: Launching APKInstall] INFO  o.a.m.s.f.DefaultMavenResourcesFiltering - skip non existing resourceDirectory C:\Users\ASUS\Desktop\Appium\AppiumDemo\src\test\resources
2024-01-03 14:38:22,217 [Worker-30: Launching APKInstall] INFO  o.a.m.s.f.DefaultMavenResourcesFiltering - skip non existing resourceDirectory C:\Users\ASUS\Desktop\Appium\AppiumDemo\src\main\resources
2024-01-03 14:38:22,222 [Worker-30: Launching APKInstall] INFO  o.a.m.s.f.DefaultMavenResourcesFiltering - skip non existing resourceDirectory C:\Users\ASUS\Desktop\Appium\AppiumDemo\src\test\resources
2024-01-03 14:41:36,030 [Worker-15: Building] INFO  o.a.m.s.f.DefaultMavenResourcesFiltering - skip non existing resourceDirectory C:\Users\ASUS\Desktop\Appium\AppiumDemo\src\main\resources
2024-01-03 14:41:36,032 [Worker-15: Building] INFO  o.a.m.s.f.DefaultMavenResourcesFiltering - skip non existing resourceDirectory C:\Users\ASUS\Desktop\Appium\AppiumDemo\src\test\resources
2024-01-03 14:42:54,235 [Worker-34: Building] INFO  o.a.m.s.f.DefaultMavenResourcesFiltering - skip non existing resourceDirectory C:\Users\ASUS\Desktop\Appium\AppiumDemo\src\main\resources
2024-01-03 14:42:54,237 [Worker-34: Building] INFO  o.a.m.s.f.DefaultMavenResourcesFiltering - skip non existing resourceDirectory C:\Users\ASUS\Desktop\Appium\AppiumDemo\src\test\resources
